{
  "stats": {
    "suites": 1,
    "tests": 1,
    "passes": 1,
    "pending": 0,
    "failures": 0,
    "start": "2021-11-04T21:32:38.591Z",
    "end": "2021-11-04T21:32:58.369Z",
    "duration": 19778,
    "testsRegistered": 1,
    "passPercent": 100,
    "pendingPercent": 0,
    "other": 0,
    "hasOther": false,
    "skipped": 0,
    "hasSkipped": false
  },
  "results": [
    {
      "uuid": "c9efd68f-0954-4bee-8430-3f3524693625",
      "title": "",
      "fullFile": "cypress/integration/demoblaze.e2e.js",
      "file": "cypress/integration/demoblaze.e2e.js",
      "beforeHooks": [],
      "afterHooks": [],
      "tests": [],
      "suites": [
        {
          "uuid": "2effcc01-35f3-4d0e-9ffd-4f6a68ff0c6b",
          "title": "Add To Cart",
          "fullFile": "",
          "file": "",
          "beforeHooks": [],
          "afterHooks": [],
          "tests": [
            {
              "title": "Add product to cart",
              "fullTitle": "Add To Cart Add product to cart",
              "timedOut": null,
              "duration": 12911,
              "state": "passed",
              "speed": "slow",
              "pass": true,
              "fail": false,
              "pending": false,
              "context": null,
              "code": "const name = \"Edward Pasfield\";\nconst country = \"England\";\nconst city = \"Bath\";\nconst card = \"1234 1234 1234 1234\";\nconst month = \"June\";\nconst year = \"2021\"; // Assert Side Navigation Works\ncy.get(\".list-group-item\").contains(\"Laptop\").click(); // Find and visit Sony Vaio i7 Page and add to cart\ncy.get(\".card-title\").contains(\"Sony vaio i7\").click();\ncy.wait(\"@productPageLoad\");\ncy.get(\".btn:visible\").contains(\"Add to cart\").click(); // Go back home\ncy.get(\"#navbarExample\").contains(\"Home\").click();\ncy.wait([\"@productLoad\", \"@productLoad\", \"@productLoad\"]); // Click next page button\ncy.get(\"#next2\").should(\"be.visible\").click();\ncy.wait(\"@paginationLoad\"); // Find and visit ASUS Full HD Page and add to cart\ncy.get(\".card-title\").contains(\"ASUS Full HD\").click();\ncy.wait(\"@productPageLoad\");\ncy.get(\".btn:visible\").contains(\"Add to cart\").click(); // Visit Cart\ncy.get(\"#cartur\").click();\ncy.wait([\"@productPageLoad\", \"@productPageLoad\"]);\ncy.get(\"#totalp\").then(price => {\n  const val = price.text();\n  cy.log(\"val\"); // Click Place Order\n  cy.get(\".col-lg-1 > .btn\").click(); // Enter information (There is no validation on these fields)\n  cy.get(\"#name\").type(name);\n  cy.get(\"#country\").type(country);\n  cy.get(\"#city\").type(city);\n  cy.get(\"#card\").type(card);\n  cy.get(\"#month\").type(month);\n  cy.get(\"#year\").type(year);\n  cy.get(\"#orderModal .btn-primary\").click(); // Assert order placed correctly\n  cy.get(\".sweet-alert\").should(\"be.visible\") // Asserts name, card number and total price is correct.\n  .contains(name).contains(card).contains(val);\n  cy.wait(\"@deleteCart\");\n  cy.get(\".sa-success\"); // eslint-disable-next-line cypress/no-unnecessary-waiting\n  // Bad practice however the modal is very tempramental (as are all the modals tbh)\n  cy.wait(1000);\n  cy.get(\".confirm\").click();\n}); // Assert Home page load\ncy.get(\"#narvbarx\").should(\"be.visible\");",
              "err": {},
              "uuid": "08aa44d3-d806-416e-91a1-9285b20f3115",
              "parentUUID": "2effcc01-35f3-4d0e-9ffd-4f6a68ff0c6b",
              "isHook": false,
              "skipped": false
            }
          ],
          "suites": [],
          "passes": [
            "08aa44d3-d806-416e-91a1-9285b20f3115"
          ],
          "failures": [],
          "pending": [],
          "skipped": [],
          "duration": 12911,
          "root": false,
          "rootEmpty": false,
          "_timeout": 2000
        }
      ],
      "passes": [],
      "failures": [],
      "pending": [],
      "skipped": [],
      "duration": 0,
      "root": true,
      "rootEmpty": true,
      "_timeout": 2000
    }
  ],
  "meta": {
    "mocha": {
      "version": "7.0.1"
    },
    "mochawesome": {
      "options": {
        "quiet": false,
        "reportFilename": "mochawesome",
        "saveHtml": false,
        "saveJson": true,
        "consoleReporter": "spec",
        "useInlineDiffs": false,
        "code": true
      },
      "version": "7.0.0"
    },
    "marge": {
      "options": {
        "id": "default",
        "reportDir": "cypress/reports/mocha",
        "quite": true,
        "overwrite": false,
        "html": false,
        "json": true,
        "showPassed": true,
        "reportTitle": "AQA-Report"
      },
      "version": "6.0.0"
    }
  }
}